<?xml version="1.0" encoding="UTF-8"?>
<testng-results ignored="0" total="1" passed="1" failed="0" skipped="0">
  <reporter-output>
  </reporter-output>
  <suite started-at="2026-05-25T15:56:05 IST" name="99Acres Suite" finished-at="2026-05-25T15:56:22 IST" duration-ms="16592">
    <groups>
    </groups>
    <test started-at="2026-05-25T15:56:05 IST" name="Property Search Test" finished-at="2026-05-25T15:56:22 IST" duration-ms="16592">
      <class name="com.hackathon.hcl.Acres_Syntax_Squad.tests.PropertySearchTest">
        <test-method is-config="true" signature="setUp()[pri:0, instance:com.hackathon.hcl.Acres_Syntax_Squad.tests.PropertySearchTest@7bbc8656]" started-at="2026-05-25T15:56:05 IST" name="setUp" finished-at="2026-05-25T15:56:09 IST" duration-ms="3724" status="PASS">
          <reporter-output>
          </reporter-output>
        </test-method> <!-- setUp -->
        <test-method signature="testPropertySearchFlow()[pri:0, instance:com.hackathon.hcl.Acres_Syntax_Squad.tests.PropertySearchTest@7bbc8656]" started-at="2026-05-25T15:56:09 IST" name="testPropertySearchFlow" finished-at="2026-05-25T15:56:21 IST" duration-ms="12113" status="PASS">
          <reporter-output>
          </reporter-output>
        </test-method> <!-- testPropertySearchFlow -->
        <test-method is-config="true" signature="tearDown()[pri:0, instance:com.hackathon.hcl.Acres_Syntax_Squad.tests.PropertySearchTest@7bbc8656]" started-at="2026-05-25T15:56:21 IST" name="tearDown" finished-at="2026-05-25T15:56:22 IST" duration-ms="679" status="PASS">
          <reporter-output>
          </reporter-output>
        </test-method> <!-- tearDown -->
      </class> <!-- com.hackathon.hcl.Acres_Syntax_Squad.tests.PropertySearchTest -->
    </test> <!-- Property Search Test -->
  </suite> <!-- 99Acres Suite -->
</testng-results>
